<?xml version="1.0" encoding="UTF-8" standalone="yes"?><!DOCTYPE report PUBLIC "-//JACOCO//DTD Report 1.1//EN" "report.dtd"><report name="javaloops"><sessioninfo id="CarlotiPC-746c2d0a" start="1738226688631" dump="1738226689426"/><sessioninfo id="CarlotiPC-fe79f7" start="1738232676222" dump="1738232677008"/><sessioninfo id="CarlotiPC-f3f83841" start="1738232883886" dump="1738232884723"/><sessioninfo id="CarlotiPC-43948736" start="1738233036378" dump="1738233037052"/><sessioninfo id="CarlotiPC-34f084f2" start="1738233242568" dump="1738233243347"/></report>